<?xml version="1.0" encoding="UTF-8"?>
<!-- Generated by org.testng.reporters.JUnitReportReporter -->
<testsuite hostname="PRASANNA" failures="0" tests="1" name="TestNG.Sample" time="0.009" errors="0" timestamp="2025-01-10T17:04:15 IST" skipped="0">
  <testcase classname="TestNG.Sample" name="demo" time="0.009"/>
</testsuite> <!-- TestNG.Sample -->
