<?xml version="1.0" encoding="UTF-8"?>
<!-- Generated by org.testng.reporters.JUnitReportReporter -->
<testsuite hostname="PRASANNA" failures="0" tests="4" name="TestNG.ThreadpoolSize" time="0.020" errors="0" timestamp="2025-01-11T22:32:15 IST" skipped="0">
  <testcase classname="TestNG.ThreadpoolSize" name="dog" time="0.003"/>
  <testcase classname="TestNG.ThreadpoolSize" name="cat" time="0.014"/>
  <testcase classname="TestNG.ThreadpoolSize" name="dog" time="0.002"/>
  <testcase classname="TestNG.ThreadpoolSize" name="dog" time="0.001"/>
</testsuite> <!-- TestNG.ThreadpoolSize -->
