<?xml version="1.0" encoding="UTF-8"?>
<!-- Generated by org.testng.reporters.JUnitReportReporter -->
<testsuite hostname="PRASANNA" failures="0" tests="1" name="DataDrivenTesting.ValidatetheanyApplication" time="9.914" errors="0" timestamp="2025-03-20T01:16:49 IST" skipped="0">
  <testcase classname="DataDrivenTesting.ValidatetheanyApplication" name="Validate" time="9.914"/>
</testsuite> <!-- DataDrivenTesting.ValidatetheanyApplication -->
