<?xml version="1.0" encoding="UTF-8"?>
<!-- Generated by org.testng.reporters.JUnitReportReporter -->
<testsuite hostname="PRASANNA" failures="0" tests="2" name="TestNG.DataProviders" time="0.008" errors="0" timestamp="2025-01-28T14:37:10 IST" skipped="0">
  <testcase classname="TestNG.DataProviders" name="demo" time="0.001"/>
  <testcase classname="TestNG.DataProviders" name="demo" time="0.007"/>
</testsuite> <!-- TestNG.DataProviders -->
