<?xml version="1.0" encoding="UTF-8"?>
<!-- Generated by org.testng.reporters.JUnitReportReporter -->
<testsuite hostname="PRASANNA" failures="0" tests="1" name="TestngScenarios.Swiggy" time="2.835" errors="0" timestamp="2025-01-11T23:22:06 IST" skipped="0">
  <testcase classname="TestngScenarios.Swiggy" name="navigateToSwiggy" time="2.835">
    <system-out>
      <![CDATA[Navigated to Swiggy ]]>
    </system-out>
  </testcase> <!-- navigateToSwiggy -->
  <system-out>
    <![CDATA[Navigated to zomato
Navigated to Swiggy 
Navigated to filpkart]]>
  </system-out>
</testsuite> <!-- TestngScenarios.Swiggy -->
