<?xml version="1.0" encoding="UTF-8"?>
<!-- Generated by org.testng.reporters.JUnitReportReporter -->
<testsuite hostname="PRASANNA" failures="0" tests="3" name="TestNG.DependsonMethod" time="0.013" errors="0" timestamp="2025-01-10T18:10:38 IST" skipped="0">
  <testcase classname="TestNG.DependsonMethod" name="Create" time="0.001">
    <system-out>
      <![CDATA[Karuna]]>
    </system-out>
  </testcase> <!-- Create -->
  <testcase classname="TestNG.DependsonMethod" name="Register" time="0.011">
    <system-out>
      <![CDATA[Prasanna]]>
    </system-out>
  </testcase> <!-- Register -->
  <testcase classname="TestNG.DependsonMethod" name="Login" time="0.001">
    <system-out>
      <![CDATA[Sai]]>
    </system-out>
  </testcase> <!-- Login -->
  <system-out>
    <![CDATA[Prasanna
Sai
Karuna]]>
  </system-out>
</testsuite> <!-- TestNG.DependsonMethod -->
