<?xml version="1.0" encoding="UTF-8"?>
<!-- Generated by org.testng.reporters.JUnitReportReporter -->
<testsuite hostname="PRASANNA" failures="0" tests="1" name="TestngScenarios.Zomato" time="5.606" errors="0" timestamp="2025-01-11T23:42:57 IST" skipped="0">
  <testcase classname="TestngScenarios.Zomato" name="NavigatetoZomato" time="5.606">
    <system-out>
      <![CDATA[Navigated to zomato]]>
    </system-out>
  </testcase> <!-- NavigatetoZomato -->
  <system-out>
    <![CDATA[Navigated to zomato]]>
  </system-out>
</testsuite> <!-- TestngScenarios.Zomato -->
