<?xml version="1.0" encoding="UTF-8"?>
<!-- Generated by org.testng.reporters.JUnitReportReporter -->
<testsuite hostname="PRASANNA" failures="0" tests="3" name="TestNG.EnabledFlag" time="0.011" errors="0" timestamp="2025-01-10T17:59:15 IST" skipped="1">
  <testcase classname="TestNG.EnabledFlag" name="prasanna" time="0.001"/>
  <testcase classname="TestNG.EnabledFlag" name="karuna" time="0.010"/>
  <testcase classname="TestNG.EnabledFlag" name="sai">
    <skipped/>
  </testcase> <!-- sai -->
</testsuite> <!-- TestNG.EnabledFlag -->
