<?xml version="1.0" encoding="UTF-8"?>
<!-- Generated by org.testng.reporters.JUnitReportReporter -->
<testsuite hostname="PRASANNA" failures="0" tests="7" name="TestNG.InvocationCount" time="0.018" errors="0" timestamp="2025-01-10T17:53:26 IST" skipped="0">
  <testcase classname="TestNG.InvocationCount" name="apple" time="0.009"/>
  <testcase classname="TestNG.InvocationCount" name="apple" time="0.001"/>
  <testcase classname="TestNG.InvocationCount" name="apple" time="0.001"/>
  <testcase classname="TestNG.InvocationCount" name="cat" time="0.001"/>
  <testcase classname="TestNG.InvocationCount" name="dog" time="0.002"/>
  <testcase classname="TestNG.InvocationCount" name="dog" time="0.003"/>
  <testcase classname="TestNG.InvocationCount" name="dog" time="0.001"/>
</testsuite> <!-- TestNG.InvocationCount -->
