<?xml version="1.0" encoding="UTF-8"?>
<!-- Generated by org.testng.reporters.JUnitReportReporter -->
<testsuite hostname="PRASANNA" failures="0" tests="4" name="TestNG.ProioityFlag" time="0.013" errors="0" timestamp="2025-01-10T17:47:39 IST" skipped="0">
  <testcase classname="TestNG.ProioityFlag" name="cat" time="0.009"/>
  <testcase classname="TestNG.ProioityFlag" name="apple" time="0.002"/>
  <testcase classname="TestNG.ProioityFlag" name="snake" time="0.001"/>
  <testcase classname="TestNG.ProioityFlag" name="dog" time="0.001"/>
</testsuite> <!-- TestNG.ProioityFlag -->
