<?xml version="1.0" encoding="UTF-8"?>
<!-- Generated by org.testng.reporters.JUnitReportReporter -->
<testsuite hostname="PRASANNA" failures="0" tests="1" name="TestngScenarios.Filpkart" time="7.593" errors="0" timestamp="2025-01-11T23:49:10 IST" skipped="0">
  <testcase classname="TestngScenarios.Filpkart" name="NavigatetoFilpkart" time="7.593">
    <system-out>
      <![CDATA[Navigated to filpkart]]>
    </system-out>
  </testcase> <!-- NavigatetoFilpkart -->
  <system-out>
    <![CDATA[Navigated to filpkart]]>
  </system-out>
</testsuite> <!-- TestngScenarios.Filpkart -->
